<?xml version="1.0" encoding="UTF-8"?>
<testsuite name="com.yes.book.springboot.web.HelloControllerTest" tests="2" skipped="0" failures="0" errors="0" timestamp="2020-03-09T14:16:00" hostname="DESKTOP-KEI57UG" time="0.764">
  <properties/>
  <testcase name="hello가_리턴된다" classname="com.yes.book.springboot.web.HelloControllerTest" time="0.279"/>
  <testcase name="helloDto가_리턴된다" classname="com.yes.book.springboot.web.HelloControllerTest" time="0.484"/>
  <system-out><![CDATA[2020-03-09 23:15:54.894  INFO 211212 --- [    Test worker] .b.t.a.w.s.WebMvcTestContextBootstrapper : Neither @ContextConfiguration nor @ContextHierarchy found for test class [com.yes.book.springboot.web.HelloControllerTest], using SpringBootContextLoader
2020-03-09 23:15:54.896  INFO 211212 --- [    Test worker] o.s.t.c.support.AbstractContextLoader    : Could not detect default resource locations for test class [com.yes.book.springboot.web.HelloControllerTest]: no resource found for suffixes {-context.xml, Context.groovy}.
2020-03-09 23:15:54.897  INFO 211212 --- [    Test worker] t.c.s.AnnotationConfigContextLoaderUtils : Could not detect default configuration classes for test class [com.yes.book.springboot.web.HelloControllerTest]: HelloControllerTest does not declare any static, non-private, non-final, nested classes annotated with @Configuration.
2020-03-09 23:15:55.076  INFO 211212 --- [    Test worker] .b.t.c.SpringBootTestContextBootstrapper : Found @SpringBootConfiguration com.yes.book.springboot.Application for test class com.yes.book.springboot.web.HelloControllerTest
2020-03-09 23:15:55.078  INFO 211212 --- [    Test worker] .b.t.a.w.s.WebMvcTestContextBootstrapper : Loaded default TestExecutionListener class names from location [META-INF/spring.factories]: [org.springframework.security.test.context.support.WithSecurityContextTestExecutionListener, org.springframework.security.test.context.support.ReactorContextTestExecutionListener, org.springframework.boot.test.autoconfigure.restdocs.RestDocsTestExecutionListener, org.springframework.boot.test.autoconfigure.web.client.MockRestServiceServerResetTestExecutionListener, org.springframework.boot.test.autoconfigure.web.servlet.MockMvcPrintOnlyOnFailureTestExecutionListener, org.springframework.boot.test.autoconfigure.web.servlet.WebDriverTestExecutionListener, org.springframework.boot.test.mock.mockito.MockitoTestExecutionListener, org.springframework.boot.test.mock.mockito.ResetMocksTestExecutionListener, org.springframework.test.context.web.ServletTestExecutionListener, org.springframework.test.context.support.DirtiesContextBeforeModesTestExecutionListener, org.springframework.test.context.support.DependencyInjectionTestExecutionListener, org.springframework.test.context.support.DirtiesContextTestExecutionListener, org.springframework.test.context.transaction.TransactionalTestExecutionListener, org.springframework.test.context.jdbc.SqlScriptsTestExecutionListener]
2020-03-09 23:15:55.085  INFO 211212 --- [    Test worker] .b.t.a.w.s.WebMvcTestContextBootstrapper : Using TestExecutionListeners: [org.springframework.test.context.web.ServletTestExecutionListener@5942d04f, org.springframework.test.context.support.DirtiesContextBeforeModesTestExecutionListener@2bffba40, org.springframework.boot.test.mock.mockito.MockitoTestExecutionListener@10ecb94a, org.springframework.boot.test.autoconfigure.SpringBootDependencyInjectionTestExecutionListener@dc24d3b, org.springframework.test.context.support.DirtiesContextTestExecutionListener@42cd2464, org.springframework.test.context.transaction.TransactionalTestExecutionListener@1436abc7, org.springframework.test.context.jdbc.SqlScriptsTestExecutionListener@616566e2, org.springframework.security.test.context.support.WithSecurityContextTestExecutionListener@7ed15460, org.springframework.security.test.context.support.ReactorContextTestExecutionListener@5594b1da, org.springframework.boot.test.autoconfigure.restdocs.RestDocsTestExecutionListener@745d503c, org.springframework.boot.test.autoconfigure.web.client.MockRestServiceServerResetTestExecutionListener@3e457a23, org.springframework.boot.test.autoconfigure.web.servlet.MockMvcPrintOnlyOnFailureTestExecutionListener@4ac35bdf, org.springframework.boot.test.autoconfigure.web.servlet.WebDriverTestExecutionListener@3aa9393c, org.springframework.boot.test.mock.mockito.ResetMocksTestExecutionListener@24eb42e5]

  .   ____          _            __ _ _
 /\\ / ___'_ __ _ _(_)_ __  __ _ \ \ \ \
( ( )\___ | '_ | '_| | '_ \/ _` | \ \ \ \
 \\/  ___)| |_)| | | | | || (_| |  ) ) ) )
  '  |____| .__|_| |_|_| |_\__, | / / / /
 =========|_|==============|___/=/_/_/_/
 :: Spring Boot ::        (v2.1.7.RELEASE)

2020-03-09 23:15:55.226  INFO 211212 --- [    Test worker] c.y.b.s.web.HelloControllerTest          : Starting HelloControllerTest on DESKTOP-KEI57UG with PID 211212 (started by tjdud in E:\intellij\springboot-webservice)
2020-03-09 23:15:55.233  INFO 211212 --- [    Test worker] c.y.b.s.web.HelloControllerTest          : No active profile set, falling back to default profiles: default
2020-03-09 23:15:57.592  INFO 211212 --- [    Test worker] o.s.s.concurrent.ThreadPoolTaskExecutor  : Initializing ExecutorService 'applicationTaskExecutor'
2020-03-09 23:15:57.795  INFO 211212 --- [    Test worker] o.s.b.a.w.s.WelcomePageHandlerMapping    : Adding welcome page template: index
2020-03-09 23:15:58.835  INFO 211212 --- [    Test worker] .s.s.UserDetailsServiceAutoConfiguration : 

Using generated security password: bc2c8fa9-f88d-41ca-b5e2-6e5586bdc4a4

2020-03-09 23:15:59.740  INFO 211212 --- [    Test worker] o.s.s.web.DefaultSecurityFilterChain     : Creating filter chain: any request, [org.springframework.security.web.context.request.async.WebAsyncManagerIntegrationFilter@2f2b4e18, org.springframework.security.web.context.SecurityContextPersistenceFilter@2d85d75b, org.springframework.security.web.header.HeaderWriterFilter@2ba92f6d, org.springframework.security.web.csrf.CsrfFilter@2c1a9de, org.springframework.security.web.authentication.logout.LogoutFilter@75025738, org.springframework.security.web.authentication.UsernamePasswordAuthenticationFilter@4ad6e33d, org.springframework.security.web.authentication.ui.DefaultLoginPageGeneratingFilter@10d86668, org.springframework.security.web.authentication.ui.DefaultLogoutPageGeneratingFilter@3dec38c, org.springframework.security.web.authentication.www.BasicAuthenticationFilter@53e280dc, org.springframework.security.web.savedrequest.RequestCacheAwareFilter@19ce368f, org.springframework.security.web.servletapi.SecurityContextHolderAwareRequestFilter@7b7ea09c, org.springframework.security.web.authentication.AnonymousAuthenticationFilter@44fd474b, org.springframework.security.web.session.SessionManagementFilter@2429fc9f, org.springframework.security.web.access.ExceptionTranslationFilter@376063ff, org.springframework.security.web.access.intercept.FilterSecurityInterceptor@3838ccd8]
2020-03-09 23:16:00.145  INFO 211212 --- [    Test worker] o.s.b.t.m.w.SpringBootMockServletContext : Initializing Spring TestDispatcherServlet ''
2020-03-09 23:16:00.145  INFO 211212 --- [    Test worker] o.s.t.web.servlet.TestDispatcherServlet  : Initializing Servlet ''
2020-03-09 23:16:00.271  INFO 211212 --- [    Test worker] o.s.t.web.servlet.TestDispatcherServlet  : Completed initialization in 126 ms
2020-03-09 23:16:00.684  INFO 211212 --- [    Test worker] c.y.b.s.web.HelloControllerTest          : Started HelloControllerTest in 5.588 seconds (JVM running for 51.97)
]]></system-out>
  <system-err><![CDATA[]]></system-err>
</testsuite>
