<?xml version="1.0" encoding="UTF-8"?>
<testsuite name="com.yes.book.springboot.web.IndexControllerTest" tests="1" skipped="0" failures="0" errors="0" timestamp="2020-03-09T14:16:10" hostname="DESKTOP-KEI57UG" time="0.866">
  <properties/>
  <testcase name="메인페이지_로딩" classname="com.yes.book.springboot.web.IndexControllerTest" time="0.866"/>
  <system-out><![CDATA[2020-03-09 23:16:01.715  INFO 211212 --- [    Test worker] .b.t.c.SpringBootTestContextBootstrapper : Neither @ContextConfiguration nor @ContextHierarchy found for test class [com.yes.book.springboot.web.IndexControllerTest], using SpringBootContextLoader
2020-03-09 23:16:01.718  INFO 211212 --- [    Test worker] o.s.t.c.support.AbstractContextLoader    : Could not detect default resource locations for test class [com.yes.book.springboot.web.IndexControllerTest]: no resource found for suffixes {-context.xml, Context.groovy}.
2020-03-09 23:16:01.718  INFO 211212 --- [    Test worker] t.c.s.AnnotationConfigContextLoaderUtils : Could not detect default configuration classes for test class [com.yes.book.springboot.web.IndexControllerTest]: IndexControllerTest does not declare any static, non-private, non-final, nested classes annotated with @Configuration.
2020-03-09 23:16:01.724  INFO 211212 --- [    Test worker] .b.t.c.SpringBootTestContextBootstrapper : Found @SpringBootConfiguration com.yes.book.springboot.Application for test class com.yes.book.springboot.web.IndexControllerTest
2020-03-09 23:16:01.737  INFO 211212 --- [    Test worker] .b.t.c.SpringBootTestContextBootstrapper : Loaded default TestExecutionListener class names from location [META-INF/spring.factories]: [org.springframework.security.test.context.support.WithSecurityContextTestExecutionListener, org.springframework.security.test.context.support.ReactorContextTestExecutionListener, org.springframework.boot.test.autoconfigure.restdocs.RestDocsTestExecutionListener, org.springframework.boot.test.autoconfigure.web.client.MockRestServiceServerResetTestExecutionListener, org.springframework.boot.test.autoconfigure.web.servlet.MockMvcPrintOnlyOnFailureTestExecutionListener, org.springframework.boot.test.autoconfigure.web.servlet.WebDriverTestExecutionListener, org.springframework.boot.test.mock.mockito.MockitoTestExecutionListener, org.springframework.boot.test.mock.mockito.ResetMocksTestExecutionListener, org.springframework.test.context.web.ServletTestExecutionListener, org.springframework.test.context.support.DirtiesContextBeforeModesTestExecutionListener, org.springframework.test.context.support.DependencyInjectionTestExecutionListener, org.springframework.test.context.support.DirtiesContextTestExecutionListener, org.springframework.test.context.transaction.TransactionalTestExecutionListener, org.springframework.test.context.jdbc.SqlScriptsTestExecutionListener]
2020-03-09 23:16:01.741  INFO 211212 --- [    Test worker] .b.t.c.SpringBootTestContextBootstrapper : Using TestExecutionListeners: [org.springframework.test.context.web.ServletTestExecutionListener@7fdc3520, org.springframework.test.context.support.DirtiesContextBeforeModesTestExecutionListener@557be748, org.springframework.boot.test.mock.mockito.MockitoTestExecutionListener@4fe7dcbe, org.springframework.boot.test.autoconfigure.SpringBootDependencyInjectionTestExecutionListener@6805f2cf, org.springframework.test.context.support.DirtiesContextTestExecutionListener@766eafda, org.springframework.test.context.transaction.TransactionalTestExecutionListener@7c2557f8, org.springframework.test.context.jdbc.SqlScriptsTestExecutionListener@d5666ee, org.springframework.security.test.context.support.WithSecurityContextTestExecutionListener@4a026e01, org.springframework.security.test.context.support.ReactorContextTestExecutionListener@499108e4, org.springframework.boot.test.autoconfigure.restdocs.RestDocsTestExecutionListener@1fdd1cb9, org.springframework.boot.test.autoconfigure.web.client.MockRestServiceServerResetTestExecutionListener@218268ba, org.springframework.boot.test.autoconfigure.web.servlet.MockMvcPrintOnlyOnFailureTestExecutionListener@78a978ed, org.springframework.boot.test.autoconfigure.web.servlet.WebDriverTestExecutionListener@393e8934, org.springframework.boot.test.mock.mockito.ResetMocksTestExecutionListener@4ef1627e]

  .   ____          _            __ _ _
 /\\ / ___'_ __ _ _(_)_ __  __ _ \ \ \ \
( ( )\___ | '_ | '_| | '_ \/ _` | \ \ \ \
 \\/  ___)| |_)| | | | | || (_| |  ) ) ) )
  '  |____| .__|_| |_|_| |_\__, | / / / /
 =========|_|==============|___/=/_/_/_/
 :: Spring Boot ::        (v2.1.7.RELEASE)

2020-03-09 23:16:01.909  INFO 211212 --- [    Test worker] c.y.b.s.web.IndexControllerTest          : Starting IndexControllerTest on DESKTOP-KEI57UG with PID 211212 (started by tjdud in E:\intellij\springboot-webservice)
2020-03-09 23:16:01.922  INFO 211212 --- [    Test worker] c.y.b.s.web.IndexControllerTest          : No active profile set, falling back to default profiles: default
2020-03-09 23:16:02.786  INFO 211212 --- [    Test worker] .s.d.r.c.RepositoryConfigurationDelegate : Bootstrapping Spring Data repositories in DEFAULT mode.
2020-03-09 23:16:02.842  INFO 211212 --- [    Test worker] .s.d.r.c.RepositoryConfigurationDelegate : Finished Spring Data repository scanning in 54ms. Found 2 repository interfaces.
2020-03-09 23:16:03.196  INFO 211212 --- [    Test worker] trationDelegate$BeanPostProcessorChecker : Bean 'org.springframework.transaction.annotation.ProxyTransactionManagementConfiguration' of type [org.springframework.transaction.annotation.ProxyTransactionManagementConfiguration$$EnhancerBySpringCGLIB$$3d24a94] is not eligible for getting processed by all BeanPostProcessors (for example: not eligible for auto-proxying)
2020-03-09 23:16:04.104  INFO 211212 --- [    Test worker] o.s.b.w.embedded.tomcat.TomcatWebServer  : Tomcat initialized with port(s): 0 (http)
2020-03-09 23:16:04.273  INFO 211212 --- [    Test worker] o.apache.catalina.core.StandardService   : Starting service [Tomcat]
2020-03-09 23:16:04.274  INFO 211212 --- [    Test worker] org.apache.catalina.core.StandardEngine  : Starting Servlet engine: [Apache Tomcat/9.0.22]
2020-03-09 23:16:05.057  INFO 211212 --- [    Test worker] o.a.c.c.C.[Tomcat].[localhost].[/]       : Initializing Spring embedded WebApplicationContext
2020-03-09 23:16:05.058  INFO 211212 --- [    Test worker] o.s.web.context.ContextLoader            : Root WebApplicationContext: initialization completed in 3121 ms
2020-03-09 23:16:06.028  INFO 211212 --- [    Test worker] com.zaxxer.hikari.HikariDataSource       : HikariPool-2 - Starting...
2020-03-09 23:16:06.031  INFO 211212 --- [    Test worker] com.zaxxer.hikari.HikariDataSource       : HikariPool-2 - Start completed.
2020-03-09 23:16:06.174  INFO 211212 --- [    Test worker] o.hibernate.jpa.internal.util.LogHelper  : HHH000204: Processing PersistenceUnitInfo [
	name: default
	...]
2020-03-09 23:16:06.265  INFO 211212 --- [    Test worker] org.hibernate.dialect.Dialect            : HHH000400: Using dialect: org.hibernate.dialect.MySQL5InnoDBDialect
Hibernate: drop table if exists posts
Hibernate: drop table if exists user
Hibernate: create table posts (id bigint not null auto_increment, created_date datetime, modified_date datetime, author varchar(255), content TEXT not null, title varchar(500) not null, primary key (id)) engine=InnoDB
Hibernate: create table user (id bigint not null auto_increment, email varchar(255) not null, name varchar(255) not null, picture varchar(255), role varchar(255) not null, primary key (id)) engine=InnoDB
2020-03-09 23:16:06.600  INFO 211212 --- [    Test worker] o.h.t.schema.internal.SchemaCreatorImpl  : HHH000476: Executing import script 'org.hibernate.tool.schema.internal.exec.ScriptSourceInputNonExistentImpl@353a7d1a'
2020-03-09 23:16:06.600  INFO 211212 --- [    Test worker] j.LocalContainerEntityManagerFactoryBean : Initialized JPA EntityManagerFactory for persistence unit 'default'
2020-03-09 23:16:08.338  INFO 211212 --- [    Test worker] o.h.h.i.QueryTranslatorFactoryInitiator  : HHH000397: Using ASTQueryTranslatorFactory
2020-03-09 23:16:08.782  INFO 211212 --- [    Test worker] o.s.s.web.DefaultSecurityFilterChain     : Creating filter chain: any request, [org.springframework.security.web.context.request.async.WebAsyncManagerIntegrationFilter@6daf2f01, org.springframework.security.web.context.SecurityContextPersistenceFilter@83b3b8, org.springframework.security.web.header.HeaderWriterFilter@129b6158, org.springframework.security.web.authentication.logout.LogoutFilter@ac7d61f, org.springframework.security.oauth2.client.web.OAuth2AuthorizationRequestRedirectFilter@458d7503, org.springframework.security.oauth2.client.web.OAuth2LoginAuthenticationFilter@15d394d1, org.springframework.security.web.authentication.ui.DefaultLoginPageGeneratingFilter@1744b93c, org.springframework.security.web.authentication.ui.DefaultLogoutPageGeneratingFilter@4b6aee2f, org.springframework.security.web.savedrequest.RequestCacheAwareFilter@42e9bdda, org.springframework.security.web.servletapi.SecurityContextHolderAwareRequestFilter@b31957e, org.springframework.security.web.authentication.AnonymousAuthenticationFilter@65e1af2c, org.springframework.security.web.session.SessionManagementFilter@6e4e54f0, org.springframework.security.web.access.ExceptionTranslationFilter@129a1644, org.springframework.security.web.access.intercept.FilterSecurityInterceptor@529e8fb4]
2020-03-09 23:16:09.798  INFO 211212 --- [    Test worker] o.s.s.concurrent.ThreadPoolTaskExecutor  : Initializing ExecutorService 'applicationTaskExecutor'
2020-03-09 23:16:09.864  WARN 211212 --- [    Test worker] aWebConfiguration$JpaWebMvcConfiguration : spring.jpa.open-in-view is enabled by default. Therefore, database queries may be performed during view rendering. Explicitly configure spring.jpa.open-in-view to disable this warning
2020-03-09 23:16:09.946  INFO 211212 --- [    Test worker] o.s.b.a.w.s.WelcomePageHandlerMapping    : Adding welcome page template: index
2020-03-09 23:16:10.816  INFO 211212 --- [    Test worker] s.a.ScheduledAnnotationBeanPostProcessor : No TaskScheduler/ScheduledExecutorService bean found for scheduled processing
2020-03-09 23:16:10.887  INFO 211212 --- [    Test worker] o.s.b.w.embedded.tomcat.TomcatWebServer  : Tomcat started on port(s): 6823 (http) with context path ''
2020-03-09 23:16:10.898  INFO 211212 --- [    Test worker] c.y.b.s.web.IndexControllerTest          : Started IndexControllerTest in 9.152 seconds (JVM running for 62.184)
2020-03-09 23:16:11.207  INFO 211212 --- [o-auto-1-exec-1] o.a.c.c.C.[Tomcat].[localhost].[/]       : Initializing Spring DispatcherServlet 'dispatcherServlet'
2020-03-09 23:16:11.209  INFO 211212 --- [o-auto-1-exec-1] o.s.web.servlet.DispatcherServlet        : Initializing Servlet 'dispatcherServlet'
2020-03-09 23:16:11.292  INFO 211212 --- [o-auto-1-exec-1] o.s.web.servlet.DispatcherServlet        : Completed initialization in 83 ms
Hibernate: select posts0_.id as id1_0_, posts0_.created_date as created_2_0_, posts0_.modified_date as modified3_0_, posts0_.author as author4_0_, posts0_.content as content5_0_, posts0_.title as title6_0_ from posts posts0_ order by posts0_.id DESC
]]></system-out>
  <system-err><![CDATA[]]></system-err>
</testsuite>
