<?xml version="1.0" encoding="UTF-8"?>
<testsuite name="com.yes.book.springboot.web.HelloControllerTest" tests="2" skipped="0" failures="0" errors="0" timestamp="2020-03-10T15:50:26" hostname="DESKTOP-KEI57UG" time="0.622">
  <properties/>
  <testcase name="hello가_리턴된다" classname="com.yes.book.springboot.web.HelloControllerTest" time="0.256"/>
  <testcase name="helloDto가_리턴된다" classname="com.yes.book.springboot.web.HelloControllerTest" time="0.365"/>
  <system-out><![CDATA[2020-03-11 00:50:23.119  INFO 187716 --- [    Test worker] .b.t.a.w.s.WebMvcTestContextBootstrapper : Neither @ContextConfiguration nor @ContextHierarchy found for test class [com.yes.book.springboot.web.HelloControllerTest], using SpringBootContextLoader
2020-03-11 00:50:23.121  INFO 187716 --- [    Test worker] o.s.t.c.support.AbstractContextLoader    : Could not detect default resource locations for test class [com.yes.book.springboot.web.HelloControllerTest]: no resource found for suffixes {-context.xml, Context.groovy}.
2020-03-11 00:50:23.121  INFO 187716 --- [    Test worker] t.c.s.AnnotationConfigContextLoaderUtils : Could not detect default configuration classes for test class [com.yes.book.springboot.web.HelloControllerTest]: HelloControllerTest does not declare any static, non-private, non-final, nested classes annotated with @Configuration.
2020-03-11 00:50:23.301  INFO 187716 --- [    Test worker] .b.t.c.SpringBootTestContextBootstrapper : Found @SpringBootConfiguration com.yes.book.springboot.Application for test class com.yes.book.springboot.web.HelloControllerTest
2020-03-11 00:50:23.310  INFO 187716 --- [    Test worker] .b.t.a.w.s.WebMvcTestContextBootstrapper : Loaded default TestExecutionListener class names from location [META-INF/spring.factories]: [org.springframework.security.test.context.support.WithSecurityContextTestExecutionListener, org.springframework.security.test.context.support.ReactorContextTestExecutionListener, org.springframework.boot.test.autoconfigure.restdocs.RestDocsTestExecutionListener, org.springframework.boot.test.autoconfigure.web.client.MockRestServiceServerResetTestExecutionListener, org.springframework.boot.test.autoconfigure.web.servlet.MockMvcPrintOnlyOnFailureTestExecutionListener, org.springframework.boot.test.autoconfigure.web.servlet.WebDriverTestExecutionListener, org.springframework.boot.test.mock.mockito.MockitoTestExecutionListener, org.springframework.boot.test.mock.mockito.ResetMocksTestExecutionListener, org.springframework.test.context.web.ServletTestExecutionListener, org.springframework.test.context.support.DirtiesContextBeforeModesTestExecutionListener, org.springframework.test.context.support.DependencyInjectionTestExecutionListener, org.springframework.test.context.support.DirtiesContextTestExecutionListener, org.springframework.test.context.transaction.TransactionalTestExecutionListener, org.springframework.test.context.jdbc.SqlScriptsTestExecutionListener]
2020-03-11 00:50:23.312  INFO 187716 --- [    Test worker] .b.t.a.w.s.WebMvcTestContextBootstrapper : Using TestExecutionListeners: [org.springframework.test.context.web.ServletTestExecutionListener@3b4ae468, org.springframework.test.context.support.DirtiesContextBeforeModesTestExecutionListener@7e8b6839, org.springframework.boot.test.mock.mockito.MockitoTestExecutionListener@f2a3d62, org.springframework.boot.test.autoconfigure.SpringBootDependencyInjectionTestExecutionListener@38946937, org.springframework.test.context.support.DirtiesContextTestExecutionListener@5411b3e9, org.springframework.test.context.transaction.TransactionalTestExecutionListener@71fed3f2, org.springframework.test.context.jdbc.SqlScriptsTestExecutionListener@2fe13182, org.springframework.security.test.context.support.WithSecurityContextTestExecutionListener@34272898, org.springframework.security.test.context.support.ReactorContextTestExecutionListener@6d704b0e, org.springframework.boot.test.autoconfigure.restdocs.RestDocsTestExecutionListener@6a966411, org.springframework.boot.test.autoconfigure.web.client.MockRestServiceServerResetTestExecutionListener@4c5d35e0, org.springframework.boot.test.autoconfigure.web.servlet.MockMvcPrintOnlyOnFailureTestExecutionListener@41b3b71b, org.springframework.boot.test.autoconfigure.web.servlet.WebDriverTestExecutionListener@2e74bc18, org.springframework.boot.test.mock.mockito.ResetMocksTestExecutionListener@779be32b]

  .   ____          _            __ _ _
 /\\ / ___'_ __ _ _(_)_ __  __ _ \ \ \ \
( ( )\___ | '_ | '_| | '_ \/ _` | \ \ \ \
 \\/  ___)| |_)| | | | | || (_| |  ) ) ) )
  '  |____| .__|_| |_|_| |_\__, | / / / /
 =========|_|==============|___/=/_/_/_/
 :: Spring Boot ::        (v2.1.7.RELEASE)

2020-03-11 00:50:23.495  INFO 187716 --- [    Test worker] c.y.b.s.web.HelloControllerTest          : Starting HelloControllerTest on DESKTOP-KEI57UG with PID 187716 (started by tjdud in E:\intellij\springboot-webservice)
2020-03-11 00:50:23.500  INFO 187716 --- [    Test worker] c.y.b.s.web.HelloControllerTest          : No active profile set, falling back to default profiles: default
2020-03-11 00:50:24.612  INFO 187716 --- [    Test worker] o.s.s.concurrent.ThreadPoolTaskExecutor  : Initializing ExecutorService 'applicationTaskExecutor'
2020-03-11 00:50:24.711  INFO 187716 --- [    Test worker] o.s.b.a.w.s.WelcomePageHandlerMapping    : Adding welcome page template: index
2020-03-11 00:50:25.237  INFO 187716 --- [    Test worker] .s.s.UserDetailsServiceAutoConfiguration : 

Using generated security password: ccb13f08-dd5b-43fe-90a7-d2fe4c23fb1f

2020-03-11 00:50:25.743  INFO 187716 --- [    Test worker] o.s.s.web.DefaultSecurityFilterChain     : Creating filter chain: any request, [org.springframework.security.web.context.request.async.WebAsyncManagerIntegrationFilter@6fbbb8aa, org.springframework.security.web.context.SecurityContextPersistenceFilter@284ca452, org.springframework.security.web.header.HeaderWriterFilter@66570f5b, org.springframework.security.web.csrf.CsrfFilter@6bf7d875, org.springframework.security.web.authentication.logout.LogoutFilter@8d9037, org.springframework.security.web.authentication.UsernamePasswordAuthenticationFilter@5dd2acdd, org.springframework.security.web.authentication.ui.DefaultLoginPageGeneratingFilter@c1bc6ed, org.springframework.security.web.authentication.ui.DefaultLogoutPageGeneratingFilter@69301401, org.springframework.security.web.authentication.www.BasicAuthenticationFilter@1f96c684, org.springframework.security.web.savedrequest.RequestCacheAwareFilter@53634acc, org.springframework.security.web.servletapi.SecurityContextHolderAwareRequestFilter@d90aa2c, org.springframework.security.web.authentication.AnonymousAuthenticationFilter@40bb4d45, org.springframework.security.web.session.SessionManagementFilter@33b64794, org.springframework.security.web.access.ExceptionTranslationFilter@30297fa8, org.springframework.security.web.access.intercept.FilterSecurityInterceptor@1778646d]
2020-03-11 00:50:25.923  INFO 187716 --- [    Test worker] o.s.b.t.m.w.SpringBootMockServletContext : Initializing Spring TestDispatcherServlet ''
2020-03-11 00:50:25.941  INFO 187716 --- [    Test worker] o.s.t.web.servlet.TestDispatcherServlet  : Initializing Servlet ''
2020-03-11 00:50:26.140  INFO 187716 --- [    Test worker] o.s.t.web.servlet.TestDispatcherServlet  : Completed initialization in 188 ms
2020-03-11 00:50:26.304  INFO 187716 --- [    Test worker] c.y.b.s.web.HelloControllerTest          : Started HelloControllerTest in 2.986 seconds (JVM running for 29.705)
]]></system-out>
  <system-err><![CDATA[]]></system-err>
</testsuite>
